Using pre-set license
Built from '2022.3/staging' branch; Version is '2022.3.10f1 (ff3792e53c62) revision 16725906'; Using compiler version '192829333'; Build Type 'Release'
OS: 'Windows 11  (10.0.22621) 64bit Professional' Language: 'es' Physical Memory: 16179 MB
BatchMode: 1, IsHumanControllingUs: 0, StartBugReporterOnCrash: 0, Is64bit: 1, IsPro: 1

COMMAND LINE ARGUMENTS:
E:\Archivos de programa\Unity Editors\2022.3.10f1\Editor\Unity.exe
-adb2
-batchMode
-noUpm
-name
AssetImportWorker2
-projectPath
E:/Repositorios/First project - platzi
-logFile
Logs/AssetImportWorker2.log
-srvPort
60693
Successfully changed project path to: E:/Repositorios/First project - platzi
E:/Repositorios/First project - platzi
[UnityMemory] Configuration Parameters - Can be set up in boot.config
    "memorysetup-bucket-allocator-granularity=16"
    "memorysetup-bucket-allocator-bucket-count=8"
    "memorysetup-bucket-allocator-block-size=33554432"
    "memorysetup-bucket-allocator-block-count=8"
    "memorysetup-main-allocator-block-size=16777216"
    "memorysetup-thread-allocator-block-size=16777216"
    "memorysetup-gfx-main-allocator-block-size=16777216"
    "memorysetup-gfx-thread-allocator-block-size=16777216"
    "memorysetup-cache-allocator-block-size=4194304"
    "memorysetup-typetree-allocator-block-size=2097152"
    "memorysetup-profiler-bucket-allocator-granularity=16"
    "memorysetup-profiler-bucket-allocator-bucket-count=8"
    "memorysetup-profiler-bucket-allocator-block-size=33554432"
    "memorysetup-profiler-bucket-allocator-block-count=8"
    "memorysetup-profiler-allocator-block-size=16777216"
    "memorysetup-profiler-editor-allocator-block-size=1048576"
    "memorysetup-temp-allocator-size-main=16777216"
    "memorysetup-job-temp-allocator-block-size=2097152"
    "memorysetup-job-temp-allocator-block-size-background=1048576"
    "memorysetup-job-temp-allocator-reduction-small-platforms=262144"
    "memorysetup-allocator-temp-initial-block-size-main=262144"
    "memorysetup-allocator-temp-initial-block-size-worker=262144"
    "memorysetup-temp-allocator-size-background-worker=32768"
    "memorysetup-temp-allocator-size-job-worker=262144"
    "memorysetup-temp-allocator-size-preload-manager=33554432"
    "memorysetup-temp-allocator-size-nav-mesh-worker=65536"
    "memorysetup-temp-allocator-size-audio-worker=65536"
    "memorysetup-temp-allocator-size-cloud-worker=32768"
    "memorysetup-temp-allocator-size-gi-baking-worker=262144"
    "memorysetup-temp-allocator-size-gfx=262144"
Player connection [16880] Host "[IP] 192.168.100.73 [Port] 0 [Flags] 2 [Guid] 1115105857 [EditorId] 1115105857 [Version] 1048832 [Id] WindowsEditor(7,DESKTOP-COCCFF5) [Debug] 1 [PackageName] WindowsEditor [ProjectName] Editor" joined multi-casting on [225.0.0.222:54997]...

Player connection [16880] Host "[IP] 192.168.100.73 [Port] 0 [Flags] 2 [Guid] 1115105857 [EditorId] 1115105857 [Version] 1048832 [Id] WindowsEditor(7,DESKTOP-COCCFF5) [Debug] 1 [PackageName] WindowsEditor [ProjectName] Editor" joined alternative multi-casting on [225.0.0.222:34997]...

[Physics::Module] Initialized MultithreadedJobDispatcher with 15 workers.
Refreshing native plugins compatible for Editor in 4.68 ms, found 3 plugins.
Preloading 0 native plugins for Editor in 0.00 ms.
Initialize engine version: 2022.3.10f1 (ff3792e53c62)
[Subsystems] Discovering subsystems at path E:/Archivos de programa/Unity Editors/2022.3.10f1/Editor/Data/Resources/UnitySubsystems
[Subsystems] Discovering subsystems at path E:/Repositorios/First project - platzi/Assets
GfxDevice: creating device client; threaded=0; jobified=0
Direct3D:
    Version:  Direct3D 11.0 [level 11.1]
    Renderer: Radeon RX 580 Series (ID=0x67df)
    Vendor:   ATI
    VRAM:     8170 MB
    Driver:   31.0.12027.9001
Initialize mono
Mono path[0] = 'E:/Archivos de programa/Unity Editors/2022.3.10f1/Editor/Data/Managed'
Mono path[1] = 'E:/Archivos de programa/Unity Editors/2022.3.10f1/Editor/Data/MonoBleedingEdge/lib/mono/unityjit-win32'
Mono config path = 'E:/Archivos de programa/Unity Editors/2022.3.10f1/Editor/Data/MonoBleedingEdge/etc'
Using monoOptions --debugger-agent=transport=dt_socket,embedding=1,server=y,suspend=n,address=127.0.0.1:56692
Begin MonoManager ReloadAssembly
Registering precompiled unity dll's ...
Register platform support module: E:/Archivos de programa/Unity Editors/2022.3.10f1/Editor/Data/PlaybackEngines/WebGLSupport/UnityEditor.WebGL.Extensions.dll
Register platform support module: E:/Archivos de programa/Unity Editors/2022.3.10f1/Editor/Data/PlaybackEngines/AndroidPlayer/UnityEditor.Android.Extensions.dll
Register platform support module: E:/Archivos de programa/Unity Editors/2022.3.10f1/Editor/Data/PlaybackEngines/WindowsStandaloneSupport/UnityEditor.WindowsStandalone.Extensions.dll
Registered in 0.004894 seconds.
- Loaded All Assemblies, in  0.274 seconds
Native extension for WindowsStandalone target not found
Native extension for Android target not found
Android Extension - Scanning For ADB Devices 220 ms
Native extension for WebGL target not found
Mono: successfully reloaded assembly
- Finished resetting the current domain, in  0.460 seconds
Domain Reload Profiling: 734ms
	BeginReloadAssembly (93ms)
		ExecutionOrderSort (0ms)
		DisableScriptedObjects (0ms)
		BackupInstance (0ms)
		ReleaseScriptingObjects (0ms)
		CreateAndSetChildDomain (1ms)
	RebuildCommonClasses (25ms)
	RebuildNativeTypeToScriptingClass (8ms)
	initialDomainReloadingComplete (40ms)
	LoadAllAssembliesAndSetupDomain (107ms)
		LoadAssemblies (93ms)
		RebuildTransferFunctionScriptingTraits (0ms)
		AnalyzeDomain (105ms)
			TypeCache.Refresh (104ms)
				TypeCache.ScanAssembly (94ms)
			ScanForSourceGeneratedMonoScriptInfo (0ms)
			ResolveRequiredComponents (0ms)
	FinalizeReload (460ms)
		ReleaseScriptCaches (0ms)
		RebuildScriptCaches (0ms)
		SetupLoadedEditorAssemblies (414ms)
			LogAssemblyErrors (0ms)
			InitializePlatformSupportModulesInManaged (301ms)
			SetLoadedEditorAssemblies (3ms)
			RefreshPlugins (0ms)
			BeforeProcessingInitializeOnLoad (2ms)
			ProcessInitializeOnLoadAttributes (73ms)
			ProcessInitializeOnLoadMethodAttributes (34ms)
			AfterProcessingInitializeOnLoad (0ms)
			EditorAssembliesLoaded (0ms)
		ExecutionOrderSort2 (0ms)
		AwakeInstancesAfterBackupRestoration (0ms)
========================================================================
Worker process is ready to serve import requests
Begin MonoManager ReloadAssembly
- Loaded All Assemblies, in  0.462 seconds
Refreshing native plugins compatible for Editor in 1.36 ms, found 3 plugins.
Native extension for WindowsStandalone target not found
Native extension for Android target not found
Native extension for WebGL target not found
Package Manager log level set to [2]
[Package Manager] Server::EnsureServerProcessIsRunning -- launch failed, reason: Unity was launched with the -noUpm command-line argument
[Package Manager] UpmClient::Send -- Unable to send message (not connected to UPM process).
[Package Manager] Cannot connect to Unity Package Manager local server
Mono: successfully reloaded assembly
- Finished resetting the current domain, in  0.408 seconds
Domain Reload Profiling: 870ms
	BeginReloadAssembly (116ms)
		ExecutionOrderSort (0ms)
		DisableScriptedObjects (4ms)
		BackupInstance (0ms)
		ReleaseScriptingObjects (0ms)
		CreateAndSetChildDomain (19ms)
	RebuildCommonClasses (25ms)
	RebuildNativeTypeToScriptingClass (8ms)
	initialDomainReloadingComplete (30ms)
	LoadAllAssembliesAndSetupDomain (283ms)
		LoadAssemblies (219ms)
		RebuildTransferFunctionScriptingTraits (0ms)
		AnalyzeDomain (133ms)
			TypeCache.Refresh (117ms)
				TypeCache.ScanAssembly (104ms)
			ScanForSourceGeneratedMonoScriptInfo (12ms)
			ResolveRequiredComponents (3ms)
	FinalizeReload (408ms)
		ReleaseScriptCaches (0ms)
		RebuildScriptCaches (0ms)
		SetupLoadedEditorAssemblies (294ms)
			LogAssemblyErrors (0ms)
			InitializePlatformSupportModulesInManaged (18ms)
			SetLoadedEditorAssemblies (2ms)
			RefreshPlugins (0ms)
			BeforeProcessingInitializeOnLoad (41ms)
			ProcessInitializeOnLoadAttributes (217ms)
			ProcessInitializeOnLoadMethodAttributes (14ms)
			AfterProcessingInitializeOnLoad (2ms)
			EditorAssembliesLoaded (0ms)
		ExecutionOrderSort2 (0ms)
		AwakeInstancesAfterBackupRestoration (4ms)
Launched and connected shader compiler UnityShaderCompiler.exe after 0.04 seconds
Refreshing native plugins compatible for Editor in 1.45 ms, found 3 plugins.
Preloading 0 native plugins for Editor in 0.00 ms.
Unloading 3070 Unused Serialized files (Serialized files now loaded: 0)
Unloading 31 unused Assets / (56.3 KB). Loaded Objects now: 3545.
Memory consumption went from 123.9 MB to 123.8 MB.
Total: 2.812700 ms (FindLiveObjects: 0.228000 ms CreateObjectMapping: 0.081300 ms MarkObjects: 2.417600 ms  DeleteObjects: 0.084800 ms)

AssetImportParameters requested are different than current active one (requested -> active):
  custom:container-demuxer-ogg: 62fdf1f143b41e24485cea50d1cbac27 -> 
  custom:video-decoder-ogg-theora: a1e56fd34408186e4bbccfd4996cb3dc -> 
  custom:framework-win-MediaFoundation: 216162199b28c13a410421893ffa2e32 -> 
  custom:CustomObjectIndexerAttribute: 756ad292c208cfabdd7b50bc23989ffe -> 
  custom:container-demuxer-webm: 4f35f7cbe854078d1ac9338744f61a02 -> 
  custom:container-muxer-webm: aa71ff27fc2769a1b78a27578f13a17b -> 
  custom:video-decoder-webm-vp8: 9c59270c3fd7afecdb556c50c9e8de78 -> 
  custom:SearchIndexIgnoredProperties: e643bd26f0fe6173181afceb89e7c659 -> 
  custom:AudioImporter_EditorPlatform: d09bf68614088b80899f8185d706f6e7 -> 
  custom:video-encoder-webm-vp8: eb34c28f22e8b96e1ab97ce403110664 -> 
  custom:audio-decoder-ogg-vorbis: bf7c407c2cedff20999df2af8eb42d56 -> 
  custom:audio-encoder-webm-vorbis: bf7c407c2cedff20999df2af8eb42d56 -> 
========================================================================
Received Import Request.
  Time since last request: 645875.819820 seconds.
  path: Assets/GrassFlowers/Textures/Ground/Grass01_BigUV.png
  artifactKey: Guid(38bb15d6b378aff46b461e248592d1da) Importer(815301076,1909f56bfc062723c751e8b465ee728b)
Start importing Assets/GrassFlowers/Textures/Ground/Grass01_BigUV.png using Guid(38bb15d6b378aff46b461e248592d1da) Importer(815301076,1909f56bfc062723c751e8b465ee728b)  -> (artifact id: '37a0d231b267e430d0528b3de21a362a') in 0.090975 seconds
Number of updated asset objects reloaded before import = 0
Number of asset objects unloaded after import = 2
========================================================================
Received Import Request.
  Time since last request: 4.780519 seconds.
  path: Assets/GrassFlowers/Textures/Ground
  artifactKey: Guid(1778770213e6d284eafc7eaa31ef8f4c) Importer(815301076,1909f56bfc062723c751e8b465ee728b)
Start importing Assets/GrassFlowers/Textures/Ground using Guid(1778770213e6d284eafc7eaa31ef8f4c) Importer(815301076,1909f56bfc062723c751e8b465ee728b)  -> (artifact id: '5d344f85f29fa3eba31dcd42b603c009') in 0.000485 seconds
Number of updated asset objects reloaded before import = 0
Number of asset objects unloaded after import = 0
========================================================================
Received Import Request.
  Time since last request: 3.550374 seconds.
  path: Assets/GrassFlowers/Demo/DemoGrassFlowers.unity
  artifactKey: Guid(679e28dd92e786342b7944447228f70c) Importer(815301076,1909f56bfc062723c751e8b465ee728b)
Start importing Assets/GrassFlowers/Demo/DemoGrassFlowers.unity using Guid(679e28dd92e786342b7944447228f70c) Importer(815301076,1909f56bfc062723c751e8b465ee728b)  -> (artifact id: '7734aa2ffa982305852ed4a194bec210') in 0.000357 seconds
Number of updated asset objects reloaded before import = 0
Number of asset objects unloaded after import = 0
========================================================================
Received Import Request.
  Time since last request: 5.648341 seconds.
  path: Assets/GrassFlowers/Demo/DemoGrassFlowersSettings.lighting
  artifactKey: Guid(1400ec98421f5d54f8bb40ce03d2f9f6) Importer(815301076,1909f56bfc062723c751e8b465ee728b)
Start importing Assets/GrassFlowers/Demo/DemoGrassFlowersSettings.lighting using Guid(1400ec98421f5d54f8bb40ce03d2f9f6) Importer(815301076,1909f56bfc062723c751e8b465ee728b) LightingSettings: switching bake backend from 1 to 0.
 -> (artifact id: '235d39e988809786d2eaad195f0506e6') in 0.000867 seconds
Number of updated asset objects reloaded before import = 0
Number of asset objects unloaded after import = 1
========================================================================
Received Prepare
Begin MonoManager ReloadAssembly
- Loaded All Assemblies, in  0.312 seconds
Refreshing native plugins compatible for Editor in 1.49 ms, found 3 plugins.
Native extension for WindowsStandalone target not found
Native extension for Android target not found
Native extension for WebGL target not found
[Package Manager] Server::EnsureServerProcessIsRunning -- launch failed, reason: Unity was launched with the -noUpm command-line argument
[Package Manager] UpmClient::Send -- Unable to send message (not connected to UPM process).
[Package Manager] Cannot connect to Unity Package Manager local server
Mono: successfully reloaded assembly
- Finished resetting the current domain, in  0.643 seconds
Domain Reload Profiling: 955ms
	BeginReloadAssembly (130ms)
		ExecutionOrderSort (0ms)
		DisableScriptedObjects (5ms)
		BackupInstance (0ms)
		ReleaseScriptingObjects (0ms)
		CreateAndSetChildDomain (30ms)
	RebuildCommonClasses (24ms)
	RebuildNativeTypeToScriptingClass (8ms)
	initialDomainReloadingComplete (18ms)
	LoadAllAssembliesAndSetupDomain (131ms)
		LoadAssemblies (191ms)
		RebuildTransferFunctionScriptingTraits (0ms)
		AnalyzeDomain (9ms)
			TypeCache.Refresh (5ms)
				TypeCache.ScanAssembly (0ms)
			ScanForSourceGeneratedMonoScriptInfo (0ms)
			ResolveRequiredComponents (3ms)
	FinalizeReload (644ms)
		ReleaseScriptCaches (0ms)
		RebuildScriptCaches (0ms)
		SetupLoadedEditorAssemblies (311ms)
			LogAssemblyErrors (0ms)
			InitializePlatformSupportModulesInManaged (18ms)
			SetLoadedEditorAssemblies (3ms)
			RefreshPlugins (0ms)
			BeforeProcessingInitializeOnLoad (42ms)
			ProcessInitializeOnLoadAttributes (229ms)
			ProcessInitializeOnLoadMethodAttributes (16ms)
			AfterProcessingInitializeOnLoad (2ms)
			EditorAssembliesLoaded (0ms)
		ExecutionOrderSort2 (0ms)
		AwakeInstancesAfterBackupRestoration (7ms)
Refreshing native plugins compatible for Editor in 2.29 ms, found 3 plugins.
Preloading 0 native plugins for Editor in 0.00 ms.
Unloading 3061 Unused Serialized files (Serialized files now loaded: 0)
Unloading 22 unused Assets / (30.5 KB). Loaded Objects now: 3551.
Memory consumption went from 122.0 MB to 121.9 MB.
Total: 2.869400 ms (FindLiveObjects: 0.270300 ms CreateObjectMapping: 0.087200 ms MarkObjects: 2.464000 ms  DeleteObjects: 0.047000 ms)

Prepare: number of updated asset objects reloaded= 0
AssetImportParameters requested are different than current active one (requested -> active):
  custom:container-demuxer-ogg: 62fdf1f143b41e24485cea50d1cbac27 -> 
  custom:video-decoder-ogg-theora: a1e56fd34408186e4bbccfd4996cb3dc -> 
  custom:framework-win-MediaFoundation: 216162199b28c13a410421893ffa2e32 -> 
  custom:CustomObjectIndexerAttribute: 756ad292c208cfabdd7b50bc23989ffe -> 
  custom:container-demuxer-webm: 4f35f7cbe854078d1ac9338744f61a02 -> 
  custom:container-muxer-webm: aa71ff27fc2769a1b78a27578f13a17b -> 
  custom:video-decoder-webm-vp8: 9c59270c3fd7afecdb556c50c9e8de78 -> 
  custom:SearchIndexIgnoredProperties: e643bd26f0fe6173181afceb89e7c659 -> 
  custom:AudioImporter_EditorPlatform: d09bf68614088b80899f8185d706f6e7 -> 
  custom:video-encoder-webm-vp8: eb34c28f22e8b96e1ab97ce403110664 -> 
  custom:audio-decoder-ogg-vorbis: bf7c407c2cedff20999df2af8eb42d56 -> 
  custom:audio-encoder-webm-vorbis: bf7c407c2cedff20999df2af8eb42d56 -> 
========================================================================
Received Import Request.
  Time since last request: 142.028791 seconds.
  path: Assets/GrassFlowers/Demo/DemoGrassFlowers
  artifactKey: Guid(fdec4a75f73522f4eb2f9d540a9aeb5e) Importer(815301076,1909f56bfc062723c751e8b465ee728b)
Start importing Assets/GrassFlowers/Demo/DemoGrassFlowers using Guid(fdec4a75f73522f4eb2f9d540a9aeb5e) Importer(815301076,1909f56bfc062723c751e8b465ee728b)  -> (artifact id: '06d6d2b460a26aa901b864ad56911d75') in 0.001507 seconds
Number of updated asset objects reloaded before import = 0
Number of asset objects unloaded after import = 0
========================================================================
Received Import Request.
  Time since last request: 0.069909 seconds.
  path: Assets/GrassFlowers/Demo/DemoGrassFlowers/LightingData.asset
  artifactKey: Guid(5490dd165db8d15458e920b5c398e991) Importer(815301076,1909f56bfc062723c751e8b465ee728b)
Start importing Assets/GrassFlowers/Demo/DemoGrassFlowers/LightingData.asset using Guid(5490dd165db8d15458e920b5c398e991) Importer(815301076,1909f56bfc062723c751e8b465ee728b)  -> (artifact id: '78dbbf7983683e6d21d4f2c359b95c8e') in 0.008276 seconds
Number of updated asset objects reloaded before import = 0
Number of asset objects unloaded after import = 2
========================================================================
Received Import Request.
  Time since last request: 36.630313 seconds.
  path: Assets/_TerrainAutoUpgrade/layer_Grass01_BigUVd261c09ae55ba1e3.terrainlayer
  artifactKey: Guid(e1011d23cbe39f643827a34f4d882773) Importer(815301076,1909f56bfc062723c751e8b465ee728b)
Start importing Assets/_TerrainAutoUpgrade/layer_Grass01_BigUVd261c09ae55ba1e3.terrainlayer using Guid(e1011d23cbe39f643827a34f4d882773) Importer(815301076,1909f56bfc062723c751e8b465ee728b)  -> (artifact id: '8b889b122ea6f0677c2d6a6a2645c0a8') in 0.032059 seconds
Number of updated asset objects reloaded before import = 0
Number of asset objects unloaded after import = 2
========================================================================
Received Import Request.
  Time since last request: 14.184708 seconds.
  path: Packages/com.unity.ide.visualstudio/package.json
  artifactKey: Guid(656f74f6edaa396458412b9e3903d8cd) Importer(815301076,1909f56bfc062723c751e8b465ee728b)
Start importing Packages/com.unity.ide.visualstudio/package.json using Guid(656f74f6edaa396458412b9e3903d8cd) Importer(815301076,1909f56bfc062723c751e8b465ee728b)  -> (artifact id: '92e046048510c44d071eb99a583ff10d') in 0.000913 seconds
Number of updated asset objects reloaded before import = 0
Number of asset objects unloaded after import = 1
========================================================================
Received Import Request.
  Time since last request: 1.657909 seconds.
  path: Packages/com.unity.ide.vscode/package.json
  artifactKey: Guid(ffc6271f08270b64ca0aae9c49235d81) Importer(815301076,1909f56bfc062723c751e8b465ee728b)
Start importing Packages/com.unity.ide.vscode/package.json using Guid(ffc6271f08270b64ca0aae9c49235d81) Importer(815301076,1909f56bfc062723c751e8b465ee728b)  -> (artifact id: '40215ebba8923078209f43b5ba2c28c9') in 0.000692 seconds
Number of updated asset objects reloaded before import = 0
Number of asset objects unloaded after import = 1
========================================================================
Received Import Request.
  Time since last request: 1.500311 seconds.
  path: Packages/com.unity.ide.vscode/ValidationExceptions.json
  artifactKey: Guid(fc368c32d6432ff4bb374d520000749c) Importer(815301076,1909f56bfc062723c751e8b465ee728b)
Start importing Packages/com.unity.ide.vscode/ValidationExceptions.json using Guid(fc368c32d6432ff4bb374d520000749c) Importer(815301076,1909f56bfc062723c751e8b465ee728b)  -> (artifact id: 'b3c08601b605918afba966c121befd69') in 0.000998 seconds
Number of updated asset objects reloaded before import = 0
Number of asset objects unloaded after import = 1
========================================================================
Received Import Request.
  Time since last request: 71.113861 seconds.
  path: Assets/New Folder
  artifactKey: Guid(d20c62f52b246db488c69dff897fd483) Importer(815301076,1909f56bfc062723c751e8b465ee728b)
Start importing Assets/New Folder using Guid(d20c62f52b246db488c69dff897fd483) Importer(815301076,1909f56bfc062723c751e8b465ee728b)  -> (artifact id: 'faf69d28965795e898a09674c5fd5feb') in 0.000437 seconds
Number of updated asset objects reloaded before import = 0
Number of asset objects unloaded after import = 0
========================================================================
Received Import Request.
  Time since last request: 4.953263 seconds.
  path: Assets/models
  artifactKey: Guid(d20c62f52b246db488c69dff897fd483) Importer(815301076,1909f56bfc062723c751e8b465ee728b)
Start importing Assets/models using Guid(d20c62f52b246db488c69dff897fd483) Importer(815301076,1909f56bfc062723c751e8b465ee728b)  -> (artifact id: '3f80e52a9f2cb137f79298fa310b1de4') in 0.000425 seconds
Number of updated asset objects reloaded before import = 0
Number of asset objects unloaded after import = 0
========================================================================
Received Import Request.
  Time since last request: 10.994846 seconds.
  path: Assets/Models
  artifactKey: Guid(d20c62f52b246db488c69dff897fd483) Importer(815301076,1909f56bfc062723c751e8b465ee728b)
Start importing Assets/Models using Guid(d20c62f52b246db488c69dff897fd483) Importer(815301076,1909f56bfc062723c751e8b465ee728b)  -> (artifact id: '76d6c893a8cac17d6c682826dbdf0f50') in 0.000468 seconds
Number of updated asset objects reloaded before import = 0
Number of asset objects unloaded after import = 0
========================================================================
Received Import Request.
  Time since last request: 4.645757 seconds.
  path: Assets/New Folder
  artifactKey: Guid(df6ac13918e75bb40b3e395592ce6d1d) Importer(815301076,1909f56bfc062723c751e8b465ee728b)
Start importing Assets/New Folder using Guid(df6ac13918e75bb40b3e395592ce6d1d) Importer(815301076,1909f56bfc062723c751e8b465ee728b)  -> (artifact id: '058026f9883a88073dfad14351f3f535') in 0.000504 seconds
Number of updated asset objects reloaded before import = 0
Number of asset objects unloaded after import = 0
========================================================================
Received Import Request.
  Time since last request: 9.375234 seconds.
  path: Assets/Scripts
  artifactKey: Guid(df6ac13918e75bb40b3e395592ce6d1d) Importer(815301076,1909f56bfc062723c751e8b465ee728b)
Start importing Assets/Scripts using Guid(df6ac13918e75bb40b3e395592ce6d1d) Importer(815301076,1909f56bfc062723c751e8b465ee728b)  -> (artifact id: '4b5eaecf7e6e8ca6ed5943c928871efa') in 0.000433 seconds
Number of updated asset objects reloaded before import = 0
Number of asset objects unloaded after import = 0
========================================================================
Received Import Request.
  Time since last request: 7.485147 seconds.
  path: Assets/Sounds
  artifactKey: Guid(59aeaa8eee3ec5547a7a771dc5f1ae39) Importer(815301076,1909f56bfc062723c751e8b465ee728b)
Start importing Assets/Sounds using Guid(59aeaa8eee3ec5547a7a771dc5f1ae39) Importer(815301076,1909f56bfc062723c751e8b465ee728b)  -> (artifact id: '292247e2d928395141b8b0a0f353467e') in 0.000400 seconds
Number of updated asset objects reloaded before import = 0
Number of asset objects unloaded after import = 0
========================================================================
Received Import Request.
  Time since last request: 7.645118 seconds.
  path: Assets/Sprites
  artifactKey: Guid(5c3f5defd5c9b854e8808dcf1b555dc1) Importer(815301076,1909f56bfc062723c751e8b465ee728b)
Start importing Assets/Sprites using Guid(5c3f5defd5c9b854e8808dcf1b555dc1) Importer(815301076,1909f56bfc062723c751e8b465ee728b)  -> (artifact id: 'adb50cf8ada65f4f9b4660419b3ae603') in 0.000411 seconds
Number of updated asset objects reloaded before import = 0
Number of asset objects unloaded after import = 0
========================================================================
Received Import Request.
  Time since last request: 6.578299 seconds.
  path: Assets/Textures
  artifactKey: Guid(6b24b2681365a864abf3d17ea0e3aa81) Importer(815301076,1909f56bfc062723c751e8b465ee728b)
Start importing Assets/Textures using Guid(6b24b2681365a864abf3d17ea0e3aa81) Importer(815301076,1909f56bfc062723c751e8b465ee728b)  -> (artifact id: '51e648cef2bd11c3bf78b311705a04f9') in 0.000363 seconds
Number of updated asset objects reloaded before import = 0
Number of asset objects unloaded after import = 0
========================================================================
Received Import Request.
  Time since last request: 177.989112 seconds.
  path: Assets/GrassFlowers
  artifactKey: Guid(dcca8e2205a3c644baf179f0b966b35e) Importer(815301076,1909f56bfc062723c751e8b465ee728b)
Start importing Assets/GrassFlowers using Guid(dcca8e2205a3c644baf179f0b966b35e) Importer(815301076,1909f56bfc062723c751e8b465ee728b)  -> (artifact id: '2f474d474ab5ddd5d8fb6439d58f0b79') in 0.000451 seconds
Number of updated asset objects reloaded before import = 0
Number of asset objects unloaded after import = 0
========================================================================
Received Import Request.
  Time since last request: 4.143984 seconds.
  path: Assets/GrassFlowers/Demo
  artifactKey: Guid(90a98d1ca0ff3f34b817aee6ee27e766) Importer(815301076,1909f56bfc062723c751e8b465ee728b)
Start importing Assets/GrassFlowers/Demo using Guid(90a98d1ca0ff3f34b817aee6ee27e766) Importer(815301076,1909f56bfc062723c751e8b465ee728b)  -> (artifact id: '73c4e580a0f34e6fd44b3f8a7431c07a') in 0.000339 seconds
Number of updated asset objects reloaded before import = 0
Number of asset objects unloaded after import = 0
========================================================================
Received Import Request.
  Time since last request: 30.273888 seconds.
  path: Assets/_TerrainAutoUpgrade
  artifactKey: Guid(80b41e72fc0a73e4788319da372966f6) Importer(815301076,1909f56bfc062723c751e8b465ee728b)
Start importing Assets/_TerrainAutoUpgrade using Guid(80b41e72fc0a73e4788319da372966f6) Importer(815301076,1909f56bfc062723c751e8b465ee728b)  -> (artifact id: 'a44ab5c044239ac1d7692108fdf85da8') in 0.000397 seconds
Number of updated asset objects reloaded before import = 0
Number of asset objects unloaded after import = 0
========================================================================
Received Import Request.
  Time since last request: 66.638785 seconds.
  path: Assets/Packages
  artifactKey: Guid(95e7dafed68ba5c4eb2eeda4037eedaa) Importer(815301076,1909f56bfc062723c751e8b465ee728b)
Start importing Assets/Packages using Guid(95e7dafed68ba5c4eb2eeda4037eedaa) Importer(815301076,1909f56bfc062723c751e8b465ee728b)  -> (artifact id: '11d59d284040c5e77de0233f91491c4f') in 0.000388 seconds
Number of updated asset objects reloaded before import = 0
Number of asset objects unloaded after import = 0
========================================================================
Received Import Request.
  Time since last request: 121.382920 seconds.
  path: Assets/Darth_Artisan/Free_Trees/Meshes/Fir_Tree.fbx
  artifactKey: Guid(d7ad634caa1c049d49b730cc6d29c683) Importer(815301076,1909f56bfc062723c751e8b465ee728b)
Start importing Assets/Darth_Artisan/Free_Trees/Meshes/Fir_Tree.fbx using Guid(d7ad634caa1c049d49b730cc6d29c683) Importer(815301076,1909f56bfc062723c751e8b465ee728b)  -> (artifact id: '957889cebd2d63675f202e78d55f495a') in 0.306562 seconds
Number of updated asset objects reloaded before import = 0
Number of asset objects unloaded after import = 8
========================================================================
Received Import Request.
  Time since last request: 0.000019 seconds.
  path: Assets/Darth_Artisan/Free_Trees/Meshes/Palm_Tree.fbx
  artifactKey: Guid(1e50ef3048667495d90210b70c070c6b) Importer(815301076,1909f56bfc062723c751e8b465ee728b)
Start importing Assets/Darth_Artisan/Free_Trees/Meshes/Palm_Tree.fbx using Guid(1e50ef3048667495d90210b70c070c6b) Importer(815301076,1909f56bfc062723c751e8b465ee728b)  -> (artifact id: 'cf84947a6168911031dcb70ad736c2a8') in 0.015640 seconds
Number of updated asset objects reloaded before import = 0
Number of asset objects unloaded after import = 8
========================================================================
Received Import Request.
  Time since last request: 14.994046 seconds.
  path: Assets/Packages/Darth_Artisan/Free_Trees/Prefabs/Fir_Tree.prefab
  artifactKey: Guid(19682540d8a014522a319b1cf788aee2) Importer(815301076,1909f56bfc062723c751e8b465ee728b)
Start importing Assets/Packages/Darth_Artisan/Free_Trees/Prefabs/Fir_Tree.prefab using Guid(19682540d8a014522a319b1cf788aee2) Importer(815301076,1909f56bfc062723c751e8b465ee728b)  -> (artifact id: 'e92f1e7cfefd89f051da2e6575f7c38e') in 0.010886 seconds
Number of updated asset objects reloaded before import = 0
Number of asset objects unloaded after import = 9
========================================================================
Received Import Request.
  Time since last request: 0.000015 seconds.
  path: Assets/Packages/Darth_Artisan/Free_Trees/Prefabs/Poplar_Tree.prefab
  artifactKey: Guid(826b6a0b570e8460990010fa615b5a2a) Importer(815301076,1909f56bfc062723c751e8b465ee728b)
Start importing Assets/Packages/Darth_Artisan/Free_Trees/Prefabs/Poplar_Tree.prefab using Guid(826b6a0b570e8460990010fa615b5a2a) Importer(815301076,1909f56bfc062723c751e8b465ee728b)  -> (artifact id: 'd6ef6b7217fc10dbd6e1b55fece7aea2') in 0.010986 seconds
Number of updated asset objects reloaded before import = 0
Number of asset objects unloaded after import = 9
========================================================================
Received Prepare
Begin MonoManager ReloadAssembly
- Loaded All Assemblies, in  0.322 seconds
Refreshing native plugins compatible for Editor in 1.44 ms, found 3 plugins.
Native extension for WindowsStandalone target not found
Native extension for Android target not found
Native extension for WebGL target not found
[Package Manager] Server::EnsureServerProcessIsRunning -- launch failed, reason: Unity was launched with the -noUpm command-line argument
[Package Manager] UpmClient::Send -- Unable to send message (not connected to UPM process).
[Package Manager] Cannot connect to Unity Package Manager local server
Mono: successfully reloaded assembly
- Finished resetting the current domain, in  0.782 seconds
Domain Reload Profiling: 1104ms
	BeginReloadAssembly (132ms)
		ExecutionOrderSort (0ms)
		DisableScriptedObjects (4ms)
		BackupInstance (0ms)
		ReleaseScriptingObjects (0ms)
		CreateAndSetChildDomain (38ms)
	RebuildCommonClasses (24ms)
	RebuildNativeTypeToScriptingClass (8ms)
	initialDomainReloadingComplete (20ms)
	LoadAllAssembliesAndSetupDomain (137ms)
		LoadAssemblies (193ms)
		RebuildTransferFunctionScriptingTraits (0ms)
		AnalyzeDomain (9ms)
			TypeCache.Refresh (5ms)
				TypeCache.ScanAssembly (0ms)
			ScanForSourceGeneratedMonoScriptInfo (0ms)
			ResolveRequiredComponents (3ms)
	FinalizeReload (783ms)
		ReleaseScriptCaches (0ms)
		RebuildScriptCaches (0ms)
		SetupLoadedEditorAssemblies (365ms)
			LogAssemblyErrors (0ms)
			InitializePlatformSupportModulesInManaged (23ms)
			SetLoadedEditorAssemblies (4ms)
			RefreshPlugins (0ms)
			BeforeProcessingInitializeOnLoad (53ms)
			ProcessInitializeOnLoadAttributes (263ms)
			ProcessInitializeOnLoadMethodAttributes (18ms)
			AfterProcessingInitializeOnLoad (2ms)
			EditorAssembliesLoaded (0ms)
		ExecutionOrderSort2 (0ms)
		AwakeInstancesAfterBackupRestoration (7ms)
Refreshing native plugins compatible for Editor in 1.79 ms, found 3 plugins.
Preloading 0 native plugins for Editor in 0.00 ms.
Unloading 3061 Unused Serialized files (Serialized files now loaded: 0)
Unloading 22 unused Assets / (30.5 KB). Loaded Objects now: 3563.
Memory consumption went from 122.3 MB to 122.3 MB.
Total: 2.977800 ms (FindLiveObjects: 0.227600 ms CreateObjectMapping: 0.100600 ms MarkObjects: 2.599700 ms  DeleteObjects: 0.049100 ms)

Prepare: number of updated asset objects reloaded= 0
AssetImportParameters requested are different than current active one (requested -> active):
  custom:container-demuxer-ogg: 62fdf1f143b41e24485cea50d1cbac27 -> 
  custom:video-decoder-ogg-theora: a1e56fd34408186e4bbccfd4996cb3dc -> 
  custom:framework-win-MediaFoundation: 216162199b28c13a410421893ffa2e32 -> 
  custom:CustomObjectIndexerAttribute: 756ad292c208cfabdd7b50bc23989ffe -> 
  custom:container-demuxer-webm: 4f35f7cbe854078d1ac9338744f61a02 -> 
  custom:container-muxer-webm: aa71ff27fc2769a1b78a27578f13a17b -> 
  custom:video-decoder-webm-vp8: 9c59270c3fd7afecdb556c50c9e8de78 -> 
  custom:SearchIndexIgnoredProperties: e643bd26f0fe6173181afceb89e7c659 -> 
  custom:AudioImporter_EditorPlatform: d09bf68614088b80899f8185d706f6e7 -> 
  custom:video-encoder-webm-vp8: eb34c28f22e8b96e1ab97ce403110664 -> 
  custom:audio-decoder-ogg-vorbis: bf7c407c2cedff20999df2af8eb42d56 -> 
  custom:audio-encoder-webm-vorbis: bf7c407c2cedff20999df2af8eb42d56 -> 
========================================================================
Received Import Request.
  Time since last request: 218.967623 seconds.
  path: Assets/Packages/Kevin Iglesias/Basic Motions/Models/BasicMotionsDummyModel.fbx
  artifactKey: Guid(5917c0e93d180a842b61d1ebc62a195c) Importer(815301076,1909f56bfc062723c751e8b465ee728b)
Start importing Assets/Packages/Kevin Iglesias/Basic Motions/Models/BasicMotionsDummyModel.fbx using Guid(5917c0e93d180a842b61d1ebc62a195c) Importer(815301076,1909f56bfc062723c751e8b465ee728b)  -> (artifact id: 'd0b5baa5b5bfed2c35119d983daa2805') in 0.084456 seconds
Number of updated asset objects reloaded before import = 0
Number of asset objects unloaded after import = 136
========================================================================
Received Import Request.
  Time since last request: 32.157845 seconds.
  path: Assets/Packages/Kevin Iglesias/Basic Motions/Animations/Movement/BasicMotions@Fall01.fbx
  artifactKey: Guid(56b6c6749a263e843b2908fe4580acc1) Importer(815301076,1909f56bfc062723c751e8b465ee728b)
Start importing Assets/Packages/Kevin Iglesias/Basic Motions/Animations/Movement/BasicMotions@Fall01.fbx using Guid(56b6c6749a263e843b2908fe4580acc1) Importer(815301076,1909f56bfc062723c751e8b465ee728b)  -> (artifact id: 'a4aea64528d8eab70899f2735e7cbae0') in 0.003951 seconds
Number of updated asset objects reloaded before import = 0
Number of asset objects unloaded after import = 131
========================================================================
Received Import Request.
  Time since last request: 0.006970 seconds.
  path: Assets/Packages/Kevin Iglesias/Basic Motions/Animations/Movement/BasicMotions@Run01.fbx
  artifactKey: Guid(154a724602422044c91070a5f3c67c11) Importer(815301076,1909f56bfc062723c751e8b465ee728b)
Start importing Assets/Packages/Kevin Iglesias/Basic Motions/Animations/Movement/BasicMotions@Run01.fbx using Guid(154a724602422044c91070a5f3c67c11) Importer(815301076,1909f56bfc062723c751e8b465ee728b)  -> (artifact id: 'b965706511bc31c9f498ccec2f1ef171') in 0.005593 seconds
Number of updated asset objects reloaded before import = 0
Number of asset objects unloaded after import = 138
========================================================================
Received Import Request.
  Time since last request: 0.000035 seconds.
  path: Assets/Packages/Kevin Iglesias/Basic Motions/Animations/Movement/BasicMotions@Walk01.fbx
  artifactKey: Guid(bd1c2e9064da28e4fb0fe4a3f6ff4e33) Importer(815301076,1909f56bfc062723c751e8b465ee728b)
Start importing Assets/Packages/Kevin Iglesias/Basic Motions/Animations/Movement/BasicMotions@Walk01.fbx using Guid(bd1c2e9064da28e4fb0fe4a3f6ff4e33) Importer(815301076,1909f56bfc062723c751e8b465ee728b)  -> (artifact id: '7a63f8128d919cd78bdbf545a4b9a442') in 0.006385 seconds
Number of updated asset objects reloaded before import = 0
Number of asset objects unloaded after import = 138
========================================================================
Received Import Request.
  Time since last request: 0.000015 seconds.
  path: Assets/Packages/Kevin Iglesias/Basic Motions/Animations/Movement/BasicMotions@Strafe01.fbx
  artifactKey: Guid(965e8fa8f0644d741bc9baca0a3954fe) Importer(815301076,1909f56bfc062723c751e8b465ee728b)
Start importing Assets/Packages/Kevin Iglesias/Basic Motions/Animations/Movement/BasicMotions@Strafe01.fbx using Guid(965e8fa8f0644d741bc9baca0a3954fe) Importer(815301076,1909f56bfc062723c751e8b465ee728b)  -> (artifact id: 'e8e86f87101d420e47d6b69767b8293d') in 0.004235 seconds
Number of updated asset objects reloaded before import = 0
Number of asset objects unloaded after import = 132
Editor requested this worker to shutdown with reason: Scaling down because of idle timeout
TcpMessagingSession - receive error: operation aborted. errorcode: 995, details: La operación de E/S se anuló por una salida de subproceso o por una solicitud de aplicación.
AssetImportWorker is now disconnected from the server
Process exiting
Exiting without the bug reporter. Application will terminate with return code 0